# Logfile created on 2014-06-13 09:47:20 +0300 by logger.rb/31641
I, [2014-06-13T09:47:20.975260 #5536]  INFO -- : 0:  rake (10.0.3) from /home/surpass/.rvm/gems/ruby-1.9.3-p484/specifications/rake-10.0.3.gemspec
I, [2014-06-13T09:47:20.976027 #5536]  INFO -- : 0:  i18n (0.6.1) from /home/surpass/.rvm/gems/ruby-1.9.3-p484/specifications/i18n-0.6.1.gemspec
I, [2014-06-13T09:47:20.976635 #5536]  INFO -- : 0:  multi_json (1.5.0) from /home/surpass/.rvm/gems/ruby-1.9.3-p484/specifications/multi_json-1.5.0.gemspec
I, [2014-06-13T09:47:20.977266 #5536]  INFO -- : 0:  activesupport (3.2.9) from /home/surpass/.rvm/gems/ruby-1.9.3-p484/specifications/activesupport-3.2.9.gemspec
I, [2014-06-13T09:47:20.977891 #5536]  INFO -- : 0:  builder (3.0.4) from /home/surpass/.rvm/gems/ruby-1.9.3-p484/specifications/builder-3.0.4.gemspec
I, [2014-06-13T09:47:20.978610 #5536]  INFO -- : 0:  activemodel (3.2.9) from /home/surpass/.rvm/gems/ruby-1.9.3-p484/specifications/activemodel-3.2.9.gemspec
I, [2014-06-13T09:47:20.979277 #5536]  INFO -- : 0:  erubis (2.7.0) from /home/surpass/.rvm/gems/ruby-1.9.3-p484/specifications/erubis-2.7.0.gemspec
I, [2014-06-13T09:47:20.979956 #5536]  INFO -- : 0:  journey (1.0.4) from /home/surpass/.rvm/gems/ruby-1.9.3-p484/specifications/journey-1.0.4.gemspec
I, [2014-06-13T09:47:20.980613 #5536]  INFO -- : 0:  rack (1.4.1) from /home/surpass/.rvm/gems/ruby-1.9.3-p484/specifications/rack-1.4.1.gemspec
I, [2014-06-13T09:47:20.981181 #5536]  INFO -- : 0:  rack-cache (1.2) from /home/surpass/.rvm/gems/ruby-1.9.3-p484/specifications/rack-cache-1.2.gemspec
I, [2014-06-13T09:47:20.981753 #5536]  INFO -- : 0:  rack-test (0.6.2) from /home/surpass/.rvm/gems/ruby-1.9.3-p484/specifications/rack-test-0.6.2.gemspec
I, [2014-06-13T09:47:20.982315 #5536]  INFO -- : 0:  hike (1.2.1) from /home/surpass/.rvm/gems/ruby-1.9.3-p484/specifications/hike-1.2.1.gemspec
I, [2014-06-13T09:47:20.982867 #5536]  INFO -- : 0:  tilt (1.3.3) from /home/surpass/.rvm/gems/ruby-1.9.3-p484/specifications/tilt-1.3.3.gemspec
I, [2014-06-13T09:47:20.983431 #5536]  INFO -- : 0:  sprockets (2.2.2) from /home/surpass/.rvm/gems/ruby-1.9.3-p484/specifications/sprockets-2.2.2.gemspec
I, [2014-06-13T09:47:20.984022 #5536]  INFO -- : 0:  actionpack (3.2.9) from /home/surpass/.rvm/gems/ruby-1.9.3-p484/specifications/actionpack-3.2.9.gemspec
I, [2014-06-13T09:47:20.984597 #5536]  INFO -- : 0:  mime-types (1.19) from /home/surpass/.rvm/gems/ruby-1.9.3-p484/specifications/mime-types-1.19.gemspec
I, [2014-06-13T09:47:20.985195 #5536]  INFO -- : 0:  polyglot (0.3.3) from /home/surpass/.rvm/gems/ruby-1.9.3-p484/specifications/polyglot-0.3.3.gemspec
I, [2014-06-13T09:47:20.985750 #5536]  INFO -- : 0:  treetop (1.4.12) from /home/surpass/.rvm/gems/ruby-1.9.3-p484/specifications/treetop-1.4.12.gemspec
I, [2014-06-13T09:47:20.986380 #5536]  INFO -- : 0:  mail (2.4.4) from /home/surpass/.rvm/gems/ruby-1.9.3-p484/specifications/mail-2.4.4.gemspec
I, [2014-06-13T09:47:20.987069 #5536]  INFO -- : 0:  actionmailer (3.2.9) from /home/surpass/.rvm/gems/ruby-1.9.3-p484/specifications/actionmailer-3.2.9.gemspec
I, [2014-06-13T09:47:20.987707 #5536]  INFO -- : 0:  arel (3.0.2) from /home/surpass/.rvm/gems/ruby-1.9.3-p484/specifications/arel-3.0.2.gemspec
I, [2014-06-13T09:47:20.988319 #5536]  INFO -- : 0:  tzinfo (0.3.35) from /home/surpass/.rvm/gems/ruby-1.9.3-p484/specifications/tzinfo-0.3.35.gemspec
I, [2014-06-13T09:47:20.989007 #5536]  INFO -- : 0:  activerecord (3.2.9) from /home/surpass/.rvm/gems/ruby-1.9.3-p484/specifications/activerecord-3.2.9.gemspec
I, [2014-06-13T09:47:20.989673 #5536]  INFO -- : 0:  activeresource (3.2.9) from /home/surpass/.rvm/gems/ruby-1.9.3-p484/specifications/activeresource-3.2.9.gemspec
I, [2014-06-13T09:47:20.990372 #5536]  INFO -- : 0:  bcrypt-ruby (3.0.1) from /home/surpass/.rvm/gems/ruby-1.9.3-p484/specifications/bcrypt-ruby-3.0.1.gemspec
I, [2014-06-13T09:47:20.991015 #5536]  INFO -- : 0:  cancan (1.6.8) from /home/surpass/.rvm/gems/ruby-1.9.3-p484/specifications/cancan-1.6.8.gemspec
I, [2014-06-13T09:47:20.991584 #5536]  INFO -- : 0:  coffee-script-source (1.4.0) from /home/surpass/.rvm/gems/ruby-1.9.3-p484/specifications/coffee-script-source-1.4.0.gemspec
I, [2014-06-13T09:47:20.992167 #5536]  INFO -- : 0:  execjs (1.4.0) from /home/surpass/.rvm/gems/ruby-1.9.3-p484/specifications/execjs-1.4.0.gemspec
I, [2014-06-13T09:47:20.992683 #5536]  INFO -- : 0:  coffee-script (2.2.0) from /home/surpass/.rvm/gems/ruby-1.9.3-p484/specifications/coffee-script-2.2.0.gemspec
I, [2014-06-13T09:47:20.993237 #5536]  INFO -- : 0:  rack-ssl (1.3.2) from /home/surpass/.rvm/gems/ruby-1.9.3-p484/specifications/rack-ssl-1.3.2.gemspec
I, [2014-06-13T09:47:20.993817 #5536]  INFO -- : 0:  json (1.7.5) from /home/surpass/.rvm/gems/ruby-1.9.3-p484/specifications/json-1.7.5.gemspec
I, [2014-06-13T09:47:20.994437 #5536]  INFO -- : 0:  rdoc (3.12) from /home/surpass/.rvm/gems/ruby-1.9.3-p484/specifications/rdoc-3.12.gemspec
I, [2014-06-13T09:47:20.994985 #5536]  INFO -- : 0:  thor (0.16.0) from /home/surpass/.rvm/gems/ruby-1.9.3-p484/specifications/thor-0.16.0.gemspec
I, [2014-06-13T09:47:20.995712 #5536]  INFO -- : 0:  railties (3.2.9) from /home/surpass/.rvm/gems/ruby-1.9.3-p484/specifications/railties-3.2.9.gemspec
I, [2014-06-13T09:47:20.996411 #5536]  INFO -- : 0:  coffee-rails (3.2.2) from /home/surpass/.rvm/gems/ruby-1.9.3-p484/specifications/coffee-rails-3.2.2.gemspec
I, [2014-06-13T09:47:20.997099 #5536]  INFO -- : 0:  orm_adapter (0.4.0) from /home/surpass/.rvm/gems/ruby-1.9.3-p484/specifications/orm_adapter-0.4.0.gemspec
I, [2014-06-13T09:47:20.997654 #5536]  INFO -- : 0:  warden (1.2.1) from /home/surpass/.rvm/gems/ruby-1.9.3-p484/specifications/warden-1.2.1.gemspec
I, [2014-06-13T09:47:20.998295 #5536]  INFO -- : 0:  devise (2.1.2) from /home/surpass/.rvm/gems/ruby-1.9.3-p484/specifications/devise-2.1.2.gemspec
I, [2014-06-13T09:47:20.998910 #5536]  INFO -- : 0:  jquery-rails (2.1.4) from /home/surpass/.rvm/gems/ruby-1.9.3-p484/specifications/jquery-rails-2.1.4.gemspec
I, [2014-06-13T09:47:20.999462 #5536]  INFO -- : 0:  bundler (1.5.1) from /home/surpass/.rvm/gems/ruby-1.9.3-p484/specifications/bundler-1.5.1.gemspec
I, [2014-06-13T09:47:21.000084 #5536]  INFO -- : 0:  rails (3.2.9) from /home/surpass/.rvm/gems/ruby-1.9.3-p484/specifications/rails-3.2.9.gemspec
I, [2014-06-13T09:47:21.000693 #5536]  INFO -- : 0:  sass (3.2.4) from /home/surpass/.rvm/gems/ruby-1.9.3-p484/specifications/sass-3.2.4.gemspec
I, [2014-06-13T09:47:21.001294 #5536]  INFO -- : 0:  sass-rails (3.2.5) from /home/surpass/.rvm/gems/ruby-1.9.3-p484/specifications/sass-rails-3.2.5.gemspec
I, [2014-06-13T09:47:21.001974 #5536]  INFO -- : 0:  sqlite3 (1.3.6) from /home/surpass/.rvm/gems/ruby-1.9.3-p484/specifications/sqlite3-1.3.6.gemspec
I, [2014-06-13T09:47:21.002603 #5536]  INFO -- : 0:  uglifier (1.3.0) from /home/surpass/.rvm/gems/ruby-1.9.3-p484/specifications/uglifier-1.3.0.gemspec
I, [2014-06-13T09:48:29.958314 #5567]  INFO -- : 0:  rake (10.0.3) from /home/surpass/.rvm/gems/ruby-1.9.3-p484/specifications/rake-10.0.3.gemspec
I, [2014-06-13T09:48:29.959228 #5567]  INFO -- : 0:  i18n (0.6.1) from /home/surpass/.rvm/gems/ruby-1.9.3-p484/specifications/i18n-0.6.1.gemspec
I, [2014-06-13T09:48:29.959862 #5567]  INFO -- : 0:  multi_json (1.5.0) from /home/surpass/.rvm/gems/ruby-1.9.3-p484/specifications/multi_json-1.5.0.gemspec
I, [2014-06-13T09:48:29.960487 #5567]  INFO -- : 0:  activesupport (3.2.9) from /home/surpass/.rvm/gems/ruby-1.9.3-p484/specifications/activesupport-3.2.9.gemspec
I, [2014-06-13T09:48:29.961050 #5567]  INFO -- : 0:  builder (3.0.4) from /home/surpass/.rvm/gems/ruby-1.9.3-p484/specifications/builder-3.0.4.gemspec
I, [2014-06-13T09:48:29.961668 #5567]  INFO -- : 0:  activemodel (3.2.9) from /home/surpass/.rvm/gems/ruby-1.9.3-p484/specifications/activemodel-3.2.9.gemspec
I, [2014-06-13T09:48:29.962253 #5567]  INFO -- : 0:  erubis (2.7.0) from /home/surpass/.rvm/gems/ruby-1.9.3-p484/specifications/erubis-2.7.0.gemspec
I, [2014-06-13T09:48:29.962802 #5567]  INFO -- : 0:  journey (1.0.4) from /home/surpass/.rvm/gems/ruby-1.9.3-p484/specifications/journey-1.0.4.gemspec
I, [2014-06-13T09:48:29.963354 #5567]  INFO -- : 0:  rack (1.4.1) from /home/surpass/.rvm/gems/ruby-1.9.3-p484/specifications/rack-1.4.1.gemspec
I, [2014-06-13T09:48:29.963925 #5567]  INFO -- : 0:  rack-cache (1.2) from /home/surpass/.rvm/gems/ruby-1.9.3-p484/specifications/rack-cache-1.2.gemspec
I, [2014-06-13T09:48:29.964470 #5567]  INFO -- : 0:  rack-test (0.6.2) from /home/surpass/.rvm/gems/ruby-1.9.3-p484/specifications/rack-test-0.6.2.gemspec
I, [2014-06-13T09:48:29.964994 #5567]  INFO -- : 0:  hike (1.2.1) from /home/surpass/.rvm/gems/ruby-1.9.3-p484/specifications/hike-1.2.1.gemspec
I, [2014-06-13T09:48:29.965543 #5567]  INFO -- : 0:  tilt (1.3.3) from /home/surpass/.rvm/gems/ruby-1.9.3-p484/specifications/tilt-1.3.3.gemspec
I, [2014-06-13T09:48:29.966137 #5567]  INFO -- : 0:  sprockets (2.2.2) from /home/surpass/.rvm/gems/ruby-1.9.3-p484/specifications/sprockets-2.2.2.gemspec
I, [2014-06-13T09:48:29.966735 #5567]  INFO -- : 0:  actionpack (3.2.9) from /home/surpass/.rvm/gems/ruby-1.9.3-p484/specifications/actionpack-3.2.9.gemspec
I, [2014-06-13T09:48:29.967312 #5567]  INFO -- : 0:  mime-types (1.19) from /home/surpass/.rvm/gems/ruby-1.9.3-p484/specifications/mime-types-1.19.gemspec
I, [2014-06-13T09:48:29.967869 #5567]  INFO -- : 0:  polyglot (0.3.3) from /home/surpass/.rvm/gems/ruby-1.9.3-p484/specifications/polyglot-0.3.3.gemspec
I, [2014-06-13T09:48:29.968405 #5567]  INFO -- : 0:  treetop (1.4.12) from /home/surpass/.rvm/gems/ruby-1.9.3-p484/specifications/treetop-1.4.12.gemspec
I, [2014-06-13T09:48:29.968975 #5567]  INFO -- : 0:  mail (2.4.4) from /home/surpass/.rvm/gems/ruby-1.9.3-p484/specifications/mail-2.4.4.gemspec
I, [2014-06-13T09:48:29.969593 #5567]  INFO -- : 0:  actionmailer (3.2.9) from /home/surpass/.rvm/gems/ruby-1.9.3-p484/specifications/actionmailer-3.2.9.gemspec
I, [2014-06-13T09:48:29.970213 #5567]  INFO -- : 0:  arel (3.0.2) from /home/surpass/.rvm/gems/ruby-1.9.3-p484/specifications/arel-3.0.2.gemspec
I, [2014-06-13T09:48:29.970832 #5567]  INFO -- : 0:  tzinfo (0.3.35) from /home/surpass/.rvm/gems/ruby-1.9.3-p484/specifications/tzinfo-0.3.35.gemspec
I, [2014-06-13T09:48:29.971507 #5567]  INFO -- : 0:  activerecord (3.2.9) from /home/surpass/.rvm/gems/ruby-1.9.3-p484/specifications/activerecord-3.2.9.gemspec
I, [2014-06-13T09:48:29.972139 #5567]  INFO -- : 0:  activeresource (3.2.9) from /home/surpass/.rvm/gems/ruby-1.9.3-p484/specifications/activeresource-3.2.9.gemspec
I, [2014-06-13T09:48:29.972773 #5567]  INFO -- : 0:  bcrypt-ruby (3.0.1) from /home/surpass/.rvm/gems/ruby-1.9.3-p484/specifications/bcrypt-ruby-3.0.1.gemspec
I, [2014-06-13T09:48:29.973385 #5567]  INFO -- : 0:  cancan (1.6.8) from /home/surpass/.rvm/gems/ruby-1.9.3-p484/specifications/cancan-1.6.8.gemspec
I, [2014-06-13T09:48:29.974057 #5567]  INFO -- : 0:  coffee-script-source (1.4.0) from /home/surpass/.rvm/gems/ruby-1.9.3-p484/specifications/coffee-script-source-1.4.0.gemspec
I, [2014-06-13T09:48:29.974725 #5567]  INFO -- : 0:  execjs (1.4.0) from /home/surpass/.rvm/gems/ruby-1.9.3-p484/specifications/execjs-1.4.0.gemspec
I, [2014-06-13T09:48:29.975304 #5567]  INFO -- : 0:  coffee-script (2.2.0) from /home/surpass/.rvm/gems/ruby-1.9.3-p484/specifications/coffee-script-2.2.0.gemspec
I, [2014-06-13T09:48:29.975871 #5567]  INFO -- : 0:  rack-ssl (1.3.2) from /home/surpass/.rvm/gems/ruby-1.9.3-p484/specifications/rack-ssl-1.3.2.gemspec
I, [2014-06-13T09:48:29.976583 #5567]  INFO -- : 0:  json (1.7.5) from /home/surpass/.rvm/gems/ruby-1.9.3-p484/specifications/json-1.7.5.gemspec
I, [2014-06-13T09:48:29.977331 #5567]  INFO -- : 0:  rdoc (3.12) from /home/surpass/.rvm/gems/ruby-1.9.3-p484/specifications/rdoc-3.12.gemspec
I, [2014-06-13T09:48:29.977968 #5567]  INFO -- : 0:  thor (0.16.0) from /home/surpass/.rvm/gems/ruby-1.9.3-p484/specifications/thor-0.16.0.gemspec
I, [2014-06-13T09:48:29.978624 #5567]  INFO -- : 0:  railties (3.2.9) from /home/surpass/.rvm/gems/ruby-1.9.3-p484/specifications/railties-3.2.9.gemspec
I, [2014-06-13T09:48:29.979195 #5567]  INFO -- : 0:  coffee-rails (3.2.2) from /home/surpass/.rvm/gems/ruby-1.9.3-p484/specifications/coffee-rails-3.2.2.gemspec
I, [2014-06-13T09:48:29.979795 #5567]  INFO -- : 0:  orm_adapter (0.4.0) from /home/surpass/.rvm/gems/ruby-1.9.3-p484/specifications/orm_adapter-0.4.0.gemspec
I, [2014-06-13T09:48:29.980332 #5567]  INFO -- : 0:  warden (1.2.1) from /home/surpass/.rvm/gems/ruby-1.9.3-p484/specifications/warden-1.2.1.gemspec
I, [2014-06-13T09:48:29.980922 #5567]  INFO -- : 0:  devise (2.1.2) from /home/surpass/.rvm/gems/ruby-1.9.3-p484/specifications/devise-2.1.2.gemspec
I, [2014-06-13T09:48:29.981536 #5567]  INFO -- : 0:  jquery-rails (2.1.4) from /home/surpass/.rvm/gems/ruby-1.9.3-p484/specifications/jquery-rails-2.1.4.gemspec
I, [2014-06-13T09:48:29.982117 #5567]  INFO -- : 0:  bundler (1.5.1) from /home/surpass/.rvm/gems/ruby-1.9.3-p484/specifications/bundler-1.5.1.gemspec
I, [2014-06-13T09:48:29.982741 #5567]  INFO -- : 0:  rails (3.2.9) from /home/surpass/.rvm/gems/ruby-1.9.3-p484/specifications/rails-3.2.9.gemspec
I, [2014-06-13T09:48:29.983350 #5567]  INFO -- : 0:  sass (3.2.4) from /home/surpass/.rvm/gems/ruby-1.9.3-p484/specifications/sass-3.2.4.gemspec
I, [2014-06-13T09:48:29.983935 #5567]  INFO -- : 0:  sass-rails (3.2.5) from /home/surpass/.rvm/gems/ruby-1.9.3-p484/specifications/sass-rails-3.2.5.gemspec
I, [2014-06-13T09:48:29.984550 #5567]  INFO -- : 0:  sqlite3 (1.3.6) from /home/surpass/.rvm/gems/ruby-1.9.3-p484/specifications/sqlite3-1.3.6.gemspec
I, [2014-06-13T09:48:29.985169 #5567]  INFO -- : 0:  uglifier (1.3.0) from /home/surpass/.rvm/gems/ruby-1.9.3-p484/specifications/uglifier-1.3.0.gemspec
I, [2014-06-13T09:50:05.770503 #5631]  INFO -- : 0:  rake (10.0.3) from /home/surpass/.rvm/gems/ruby-1.9.3-p484/specifications/rake-10.0.3.gemspec
I, [2014-06-13T09:50:05.771420 #5631]  INFO -- : 0:  i18n (0.6.1) from /home/surpass/.rvm/gems/ruby-1.9.3-p484/specifications/i18n-0.6.1.gemspec
I, [2014-06-13T09:50:05.772196 #5631]  INFO -- : 0:  multi_json (1.5.0) from /home/surpass/.rvm/gems/ruby-1.9.3-p484/specifications/multi_json-1.5.0.gemspec
I, [2014-06-13T09:50:05.772904 #5631]  INFO -- : 0:  activesupport (3.2.9) from /home/surpass/.rvm/gems/ruby-1.9.3-p484/specifications/activesupport-3.2.9.gemspec
I, [2014-06-13T09:50:05.773516 #5631]  INFO -- : 0:  builder (3.0.4) from /home/surpass/.rvm/gems/ruby-1.9.3-p484/specifications/builder-3.0.4.gemspec
I, [2014-06-13T09:50:05.774268 #5631]  INFO -- : 0:  activemodel (3.2.9) from /home/surpass/.rvm/gems/ruby-1.9.3-p484/specifications/activemodel-3.2.9.gemspec
I, [2014-06-13T09:50:05.774832 #5631]  INFO -- : 0:  erubis (2.7.0) from /home/surpass/.rvm/gems/ruby-1.9.3-p484/specifications/erubis-2.7.0.gemspec
I, [2014-06-13T09:50:05.775401 #5631]  INFO -- : 0:  journey (1.0.4) from /home/surpass/.rvm/gems/ruby-1.9.3-p484/specifications/journey-1.0.4.gemspec
I, [2014-06-13T09:50:05.775963 #5631]  INFO -- : 0:  rack (1.4.1) from /home/surpass/.rvm/gems/ruby-1.9.3-p484/specifications/rack-1.4.1.gemspec
I, [2014-06-13T09:50:05.776529 #5631]  INFO -- : 0:  rack-cache (1.2) from /home/surpass/.rvm/gems/ruby-1.9.3-p484/specifications/rack-cache-1.2.gemspec
I, [2014-06-13T09:50:05.777101 #5631]  INFO -- : 0:  rack-test (0.6.2) from /home/surpass/.rvm/gems/ruby-1.9.3-p484/specifications/rack-test-0.6.2.gemspec
I, [2014-06-13T09:50:05.777655 #5631]  INFO -- : 0:  hike (1.2.1) from /home/surpass/.rvm/gems/ruby-1.9.3-p484/specifications/hike-1.2.1.gemspec
I, [2014-06-13T09:50:05.778254 #5631]  INFO -- : 0:  tilt (1.3.3) from /home/surpass/.rvm/gems/ruby-1.9.3-p484/specifications/tilt-1.3.3.gemspec
I, [2014-06-13T09:50:05.778849 #5631]  INFO -- : 0:  sprockets (2.2.2) from /home/surpass/.rvm/gems/ruby-1.9.3-p484/specifications/sprockets-2.2.2.gemspec
I, [2014-06-13T09:50:05.779474 #5631]  INFO -- : 0:  actionpack (3.2.9) from /home/surpass/.rvm/gems/ruby-1.9.3-p484/specifications/actionpack-3.2.9.gemspec
I, [2014-06-13T09:50:05.780092 #5631]  INFO -- : 0:  mime-types (1.19) from /home/surpass/.rvm/gems/ruby-1.9.3-p484/specifications/mime-types-1.19.gemspec
I, [2014-06-13T09:50:05.780680 #5631]  INFO -- : 0:  polyglot (0.3.3) from /home/surpass/.rvm/gems/ruby-1.9.3-p484/specifications/polyglot-0.3.3.gemspec
I, [2014-06-13T09:50:05.781305 #5631]  INFO -- : 0:  treetop (1.4.12) from /home/surpass/.rvm/gems/ruby-1.9.3-p484/specifications/treetop-1.4.12.gemspec
I, [2014-06-13T09:50:05.781991 #5631]  INFO -- : 0:  mail (2.4.4) from /home/surpass/.rvm/gems/ruby-1.9.3-p484/specifications/mail-2.4.4.gemspec
I, [2014-06-13T09:50:05.782732 #5631]  INFO -- : 0:  actionmailer (3.2.9) from /home/surpass/.rvm/gems/ruby-1.9.3-p484/specifications/actionmailer-3.2.9.gemspec
I, [2014-06-13T09:50:05.783383 #5631]  INFO -- : 0:  arel (3.0.2) from /home/surpass/.rvm/gems/ruby-1.9.3-p484/specifications/arel-3.0.2.gemspec
I, [2014-06-13T09:50:05.784042 #5631]  INFO -- : 0:  tzinfo (0.3.35) from /home/surpass/.rvm/gems/ruby-1.9.3-p484/specifications/tzinfo-0.3.35.gemspec
I, [2014-06-13T09:50:05.784773 #5631]  INFO -- : 0:  activerecord (3.2.9) from /home/surpass/.rvm/gems/ruby-1.9.3-p484/specifications/activerecord-3.2.9.gemspec
I, [2014-06-13T09:50:05.785568 #5631]  INFO -- : 0:  activeresource (3.2.9) from /home/surpass/.rvm/gems/ruby-1.9.3-p484/specifications/activeresource-3.2.9.gemspec
I, [2014-06-13T09:50:05.786224 #5631]  INFO -- : 0:  bcrypt-ruby (3.0.1) from /home/surpass/.rvm/gems/ruby-1.9.3-p484/specifications/bcrypt-ruby-3.0.1.gemspec
I, [2014-06-13T09:50:05.786840 #5631]  INFO -- : 0:  bundler (1.5.1) from /home/surpass/.rvm/gems/ruby-1.9.3-p484/specifications/bundler-1.5.1.gemspec
I, [2014-06-13T09:50:05.787462 #5631]  INFO -- : 0:  cancan (1.6.8) from /home/surpass/.rvm/gems/ruby-1.9.3-p484/specifications/cancan-1.6.8.gemspec
I, [2014-06-13T09:50:05.788167 #5631]  INFO -- : 0:  coffee-script-source (1.4.0) from /home/surpass/.rvm/gems/ruby-1.9.3-p484/specifications/coffee-script-source-1.4.0.gemspec
I, [2014-06-13T09:50:05.807636 #5631]  INFO -- : 0:  execjs (1.4.0) from /home/surpass/.rvm/gems/ruby-1.9.3-p484/specifications/execjs-1.4.0.gemspec
I, [2014-06-13T09:50:05.808381 #5631]  INFO -- : 0:  coffee-script (2.2.0) from /home/surpass/.rvm/gems/ruby-1.9.3-p484/specifications/coffee-script-2.2.0.gemspec
I, [2014-06-13T09:50:05.808979 #5631]  INFO -- : 0:  rack-ssl (1.3.2) from /home/surpass/.rvm/gems/ruby-1.9.3-p484/specifications/rack-ssl-1.3.2.gemspec
I, [2014-06-13T09:50:05.809589 #5631]  INFO -- : 0:  json (1.7.5) from /home/surpass/.rvm/gems/ruby-1.9.3-p484/specifications/json-1.7.5.gemspec
I, [2014-06-13T09:50:05.810234 #5631]  INFO -- : 0:  rdoc (3.12) from /home/surpass/.rvm/gems/ruby-1.9.3-p484/specifications/rdoc-3.12.gemspec
I, [2014-06-13T09:50:05.810845 #5631]  INFO -- : 0:  thor (0.16.0) from /home/surpass/.rvm/gems/ruby-1.9.3-p484/specifications/thor-0.16.0.gemspec
I, [2014-06-13T09:50:05.811496 #5631]  INFO -- : 0:  railties (3.2.9) from /home/surpass/.rvm/gems/ruby-1.9.3-p484/specifications/railties-3.2.9.gemspec
I, [2014-06-13T09:50:05.812084 #5631]  INFO -- : 0:  coffee-rails (3.2.2) from /home/surpass/.rvm/gems/ruby-1.9.3-p484/specifications/coffee-rails-3.2.2.gemspec
I, [2014-06-13T09:50:05.812668 #5631]  INFO -- : 0:  orm_adapter (0.4.0) from /home/surpass/.rvm/gems/ruby-1.9.3-p484/specifications/orm_adapter-0.4.0.gemspec
I, [2014-06-13T09:50:05.813248 #5631]  INFO -- : 0:  warden (1.2.1) from /home/surpass/.rvm/gems/ruby-1.9.3-p484/specifications/warden-1.2.1.gemspec
I, [2014-06-13T09:50:05.813851 #5631]  INFO -- : 0:  devise (2.1.2) from /home/surpass/.rvm/gems/ruby-1.9.3-p484/specifications/devise-2.1.2.gemspec
I, [2014-06-13T09:50:05.814480 #5631]  INFO -- : 0:  jquery-rails (2.1.4) from /home/surpass/.rvm/gems/ruby-1.9.3-p484/specifications/jquery-rails-2.1.4.gemspec
I, [2014-06-13T09:50:05.815064 #5631]  INFO -- : 0:  pg (0.17.1) from /home/surpass/.rvm/gems/ruby-1.9.3-p484/specifications/pg-0.17.1.gemspec
I, [2014-06-13T09:50:05.815690 #5631]  INFO -- : 0:  rails (3.2.9) from /home/surpass/.rvm/gems/ruby-1.9.3-p484/specifications/rails-3.2.9.gemspec
I, [2014-06-13T09:50:05.816301 #5631]  INFO -- : 0:  sass (3.2.4) from /home/surpass/.rvm/gems/ruby-1.9.3-p484/specifications/sass-3.2.4.gemspec
I, [2014-06-13T09:50:05.816904 #5631]  INFO -- : 0:  sass-rails (3.2.5) from /home/surpass/.rvm/gems/ruby-1.9.3-p484/specifications/sass-rails-3.2.5.gemspec
I, [2014-06-13T09:50:05.817552 #5631]  INFO -- : 0:  sqlite3 (1.3.6) from /home/surpass/.rvm/gems/ruby-1.9.3-p484/specifications/sqlite3-1.3.6.gemspec
I, [2014-06-13T09:50:05.818215 #5631]  INFO -- : 0:  twitter-bootstrap-rails (2.2.8) from /home/surpass/.rvm/gems/ruby-1.9.3-p484/specifications/twitter-bootstrap-rails-2.2.8.gemspec
I, [2014-06-13T09:50:05.818859 #5631]  INFO -- : 0:  uglifier (1.3.0) from /home/surpass/.rvm/gems/ruby-1.9.3-p484/specifications/uglifier-1.3.0.gemspec
